[debug] [2020-10-09T12:27:32.741Z] ----------------------------------------------------------------------
[debug] [2020-10-09T12:27:32.743Z] Command:       C:\Program Files\nodejs\node.exe C:\Users\Jaya Vighnesh\AppData\Roaming\npm\node_modules\firebase-tools\lib\bin\firebase.js init
[debug] [2020-10-09T12:27:32.743Z] CLI Version:   8.12.0
[debug] [2020-10-09T12:27:32.743Z] Platform:      win32
[debug] [2020-10-09T12:27:32.743Z] Node Version:  v12.18.3
[debug] [2020-10-09T12:27:32.744Z] Time:          Fri Oct 09 2020 17:57:32 GMT+0530 (India Standard Time)
[debug] [2020-10-09T12:27:32.744Z] ----------------------------------------------------------------------
[debug] [2020-10-09T12:27:32.745Z] 
[debug] [2020-10-09T12:27:32.750Z] > command requires scopes: ["email","openid","https://www.googleapis.com/auth/cloudplatformprojects.readonly","https://www.googleapis.com/auth/firebase","https://www.googleapis.com/auth/cloud-platform"]
[debug] [2020-10-09T12:27:32.751Z] > authorizing via signed-in user
[info] 
     ######## #### ########  ######## ########     ###     ######  ########
     ##        ##  ##     ## ##       ##     ##  ##   ##  ##       ##
     ######    ##  ########  ######   ########  #########  ######  ######
     ##        ##  ##    ##  ##       ##     ## ##     ##       ## ##
     ##       #### ##     ## ######## ########  ##     ##  ######  ########

You're about to initialize a Firebase project in this directory:

  C:\Users\Jaya Vighnesh\Desktop\Zoom - Copy - Copy

[info] 
=== Project Setup
[info] 
[info] First, let's associate this project directory with a Firebase project.
[info] You can create multiple project aliases by running firebase use --add, 
[info] but for now we'll just set up a default project.
[info] 
[debug] [2020-10-09T12:27:45.190Z] > refreshing access token with scopes: ["email","https://www.googleapis.com/auth/cloud-platform","https://www.googleapis.com/auth/cloudplatformprojects.readonly","https://www.googleapis.com/auth/firebase","openid"]
[debug] [2020-10-09T12:27:45.190Z] >>> HTTP REQUEST POST https://www.googleapis.com/oauth2/v3/token  
 <request body omitted>
[debug] [2020-10-09T12:27:45.481Z] <<< HTTP RESPONSE 200 {"date":"Fri, 09 Oct 2020 12:27:45 GMT","expires":"Mon, 01 Jan 1990 00:00:00 GMT","pragma":"no-cache","cache-control":"no-cache, no-store, max-age=0, must-revalidate","content-type":"application/json; charset=utf-8","vary":"X-Origin, Referer, Origin,Accept-Encoding","server":"scaffolding on HTTPServer2","x-xss-protection":"0","x-frame-options":"SAMEORIGIN","x-content-type-options":"nosniff","alt-svc":"h3-Q050=\":443\"; ma=2592000,h3-29=\":443\"; ma=2592000,h3-27=\":443\"; ma=2592000,h3-T051=\":443\"; ma=2592000,h3-T050=\":443\"; ma=2592000,h3-Q046=\":443\"; ma=2592000,h3-Q043=\":443\"; ma=2592000,quic=\":443\"; ma=2592000; v=\"46,43\"","accept-ranges":"none","transfer-encoding":"chunked"}
[debug] [2020-10-09T12:27:45.487Z] >>> HTTP REQUEST GET https://firebase.googleapis.com/v1beta1/projects?pageSize=100  
 
[debug] [2020-10-09T12:27:46.220Z] <<< HTTP RESPONSE 200 {"content-type":"application/json; charset=UTF-8","vary":"X-Origin, Referer, Origin,Accept-Encoding","date":"Fri, 09 Oct 2020 12:27:46 GMT","server":"ESF","cache-control":"private","x-xss-protection":"0","x-frame-options":"SAMEORIGIN","x-content-type-options":"nosniff","alt-svc":"h3-Q050=\":443\"; ma=2592000,h3-29=\":443\"; ma=2592000,h3-27=\":443\"; ma=2592000,h3-T051=\":443\"; ma=2592000,h3-T050=\":443\"; ma=2592000,h3-Q046=\":443\"; ma=2592000,h3-Q043=\":443\"; ma=2592000,quic=\":443\"; ma=2592000; v=\"46,43\"","accept-ranges":"none","transfer-encoding":"chunked"}
[info] i  Using project jayproject-da30d (JayProject) 
[info] 
=== Functions Setup
[info] 
[info] A functions directory will be created in your project with a Node.js
[info] package pre-configured. Functions can be deployed with firebase deploy.
[info] 
[debug] [2020-10-09T12:27:48.716Z] > command requires scopes: ["email","openid","https://www.googleapis.com/auth/cloudplatformprojects.readonly","https://www.googleapis.com/auth/firebase","https://www.googleapis.com/auth/cloud-platform"]
[debug] [2020-10-09T12:27:48.717Z] > authorizing via signed-in user
[debug] [2020-10-09T12:27:48.717Z] [iam] checking project jayproject-da30d for permissions ["firebase.projects.get"]
[debug] [2020-10-09T12:27:48.718Z] >>> HTTP REQUEST POST https://cloudresourcemanager.googleapis.com/v1/projects/jayproject-da30d:testIamPermissions  
 {"permissions":["firebase.projects.get"]}
[debug] [2020-10-09T12:27:50.393Z] <<< HTTP RESPONSE 200 {"content-type":"application/json; charset=UTF-8","vary":"X-Origin, Referer, Origin,Accept-Encoding","date":"Fri, 09 Oct 2020 12:27:50 GMT","server":"ESF","cache-control":"private","x-xss-protection":"0","x-frame-options":"SAMEORIGIN","x-content-type-options":"nosniff","server-timing":"gfet4t7; dur=1125","alt-svc":"h3-Q050=\":443\"; ma=2592000,h3-29=\":443\"; ma=2592000,h3-27=\":443\"; ma=2592000,h3-T051=\":443\"; ma=2592000,h3-T050=\":443\"; ma=2592000,h3-Q046=\":443\"; ma=2592000,h3-Q043=\":443\"; ma=2592000,quic=\":443\"; ma=2592000; v=\"46,43\"","accept-ranges":"none","transfer-encoding":"chunked"}
[debug] [2020-10-09T12:27:50.395Z] >>> HTTP REQUEST POST https://serviceusage.googleapis.com/v1/projects/jayproject-da30d/services/cloudfunctions.googleapis.com:enable  
 
[debug] [2020-10-09T12:27:50.395Z] >>> HTTP REQUEST POST https://serviceusage.googleapis.com/v1/projects/jayproject-da30d/services/runtimeconfig.googleapis.com:enable  
 
[debug] [2020-10-09T12:28:11.838Z] Error: connect ETIMEDOUT 216.58.200.138:443
    at TCPConnectWrap.afterConnect [as oncomplete] (net.js:1141:16)
[error] 
[error] Error: Server Error. connect ETIMEDOUT 216.58.200.138:443
[debug] [2020-10-09T12:28:20.218Z] ----------------------------------------------------------------------
[debug] [2020-10-09T12:28:20.220Z] Command:       C:\Program Files\nodejs\node.exe C:\Users\Jaya Vighnesh\AppData\Roaming\npm\node_modules\firebase-tools\lib\bin\firebase.js init
[debug] [2020-10-09T12:28:20.221Z] CLI Version:   8.12.0
[debug] [2020-10-09T12:28:20.221Z] Platform:      win32
[debug] [2020-10-09T12:28:20.221Z] Node Version:  v12.18.3
[debug] [2020-10-09T12:28:20.222Z] Time:          Fri Oct 09 2020 17:58:20 GMT+0530 (India Standard Time)
[debug] [2020-10-09T12:28:20.222Z] ----------------------------------------------------------------------
[debug] [2020-10-09T12:28:20.222Z] 
[debug] [2020-10-09T12:28:20.228Z] > command requires scopes: ["email","openid","https://www.googleapis.com/auth/cloudplatformprojects.readonly","https://www.googleapis.com/auth/firebase","https://www.googleapis.com/auth/cloud-platform"]
[debug] [2020-10-09T12:28:20.229Z] > authorizing via signed-in user
[info] 
     ######## #### ########  ######## ########     ###     ######  ########
     ##        ##  ##     ## ##       ##     ##  ##   ##  ##       ##
     ######    ##  ########  ######   ########  #########  ######  ######
     ##        ##  ##    ##  ##       ##     ## ##     ##       ## ##
     ##       #### ##     ## ######## ########  ##     ##  ######  ########

You're about to initialize a Firebase project in this directory:

  C:\Users\Jaya Vighnesh\Desktop\Zoom - Copy - Copy

[info] 
=== Project Setup
[info] 
[info] First, let's associate this project directory with a Firebase project.
[info] You can create multiple project aliases by running firebase use --add, 
[info] but for now we'll just set up a default project.
[info] 
[debug] [2020-10-09T12:28:26.391Z] >>> HTTP REQUEST GET https://firebase.googleapis.com/v1beta1/projects?pageSize=100  
 
[debug] [2020-10-09T12:28:27.202Z] <<< HTTP RESPONSE 200 {"content-type":"application/json; charset=UTF-8","vary":"X-Origin, Referer, Origin,Accept-Encoding","date":"Fri, 09 Oct 2020 12:28:27 GMT","server":"ESF","cache-control":"private","x-xss-protection":"0","x-frame-options":"SAMEORIGIN","x-content-type-options":"nosniff","alt-svc":"h3-Q050=\":443\"; ma=2592000,h3-29=\":443\"; ma=2592000,h3-27=\":443\"; ma=2592000,h3-T051=\":443\"; ma=2592000,h3-T050=\":443\"; ma=2592000,h3-Q046=\":443\"; ma=2592000,h3-Q043=\":443\"; ma=2592000,quic=\":443\"; ma=2592000; v=\"46,43\"","accept-ranges":"none","transfer-encoding":"chunked"}
[info] i  Using project jayproject-da30d (JayProject) 
[info] 
=== Functions Setup
[info] 
[info] A functions directory will be created in your project with a Node.js
[info] package pre-configured. Functions can be deployed with firebase deploy.
[info] 
[debug] [2020-10-09T12:28:28.101Z] > command requires scopes: ["email","openid","https://www.googleapis.com/auth/cloudplatformprojects.readonly","https://www.googleapis.com/auth/firebase","https://www.googleapis.com/auth/cloud-platform"]
[debug] [2020-10-09T12:28:28.102Z] > authorizing via signed-in user
[debug] [2020-10-09T12:28:28.102Z] [iam] checking project jayproject-da30d for permissions ["firebase.projects.get"]
[debug] [2020-10-09T12:28:28.102Z] >>> HTTP REQUEST POST https://cloudresourcemanager.googleapis.com/v1/projects/jayproject-da30d:testIamPermissions  
 {"permissions":["firebase.projects.get"]}
[debug] [2020-10-09T12:28:29.464Z] <<< HTTP RESPONSE 200 {"content-type":"application/json; charset=UTF-8","vary":"X-Origin, Referer, Origin,Accept-Encoding","date":"Fri, 09 Oct 2020 12:28:29 GMT","server":"ESF","cache-control":"private","x-xss-protection":"0","x-frame-options":"SAMEORIGIN","x-content-type-options":"nosniff","server-timing":"gfet4t7; dur=1133","alt-svc":"h3-Q050=\":443\"; ma=2592000,h3-29=\":443\"; ma=2592000,h3-27=\":443\"; ma=2592000,h3-T051=\":443\"; ma=2592000,h3-T050=\":443\"; ma=2592000,h3-Q046=\":443\"; ma=2592000,h3-Q043=\":443\"; ma=2592000,quic=\":443\"; ma=2592000; v=\"46,43\"","accept-ranges":"none","transfer-encoding":"chunked"}
[debug] [2020-10-09T12:28:29.465Z] >>> HTTP REQUEST POST https://serviceusage.googleapis.com/v1/projects/jayproject-da30d/services/cloudfunctions.googleapis.com:enable  
 
[debug] [2020-10-09T12:28:29.466Z] >>> HTTP REQUEST POST https://serviceusage.googleapis.com/v1/projects/jayproject-da30d/services/runtimeconfig.googleapis.com:enable  
 
[debug] [2020-10-09T12:28:50.781Z] Error: connect ETIMEDOUT 216.58.200.138:443
    at TCPConnectWrap.afterConnect [as oncomplete] (net.js:1141:16)
[error] 
[error] Error: Server Error. connect ETIMEDOUT 216.58.200.138:443
[debug] [2020-10-09T12:29:04.322Z] ----------------------------------------------------------------------
[debug] [2020-10-09T12:29:04.324Z] Command:       C:\Program Files\nodejs\node.exe C:\Users\Jaya Vighnesh\AppData\Roaming\npm\node_modules\firebase-tools\lib\bin\firebase.js init
[debug] [2020-10-09T12:29:04.325Z] CLI Version:   8.12.0
[debug] [2020-10-09T12:29:04.325Z] Platform:      win32
[debug] [2020-10-09T12:29:04.325Z] Node Version:  v12.18.3
[debug] [2020-10-09T12:29:04.326Z] Time:          Fri Oct 09 2020 17:59:04 GMT+0530 (India Standard Time)
[debug] [2020-10-09T12:29:04.326Z] ----------------------------------------------------------------------
[debug] [2020-10-09T12:29:04.326Z] 
[debug] [2020-10-09T12:29:04.332Z] > command requires scopes: ["email","openid","https://www.googleapis.com/auth/cloudplatformprojects.readonly","https://www.googleapis.com/auth/firebase","https://www.googleapis.com/auth/cloud-platform"]
[debug] [2020-10-09T12:29:04.332Z] > authorizing via signed-in user
[info] 
     ######## #### ########  ######## ########     ###     ######  ########
     ##        ##  ##     ## ##       ##     ##  ##   ##  ##       ##
     ######    ##  ########  ######   ########  #########  ######  ######
     ##        ##  ##    ##  ##       ##     ## ##     ##       ## ##
     ##       #### ##     ## ######## ########  ##     ##  ######  ########

You're about to initialize a Firebase project in this directory:

  C:\Users\Jaya Vighnesh\Desktop\Zoom - Copy - Copy

[info] 
=== Project Setup
[info] 
[info] First, let's associate this project directory with a Firebase project.
[info] You can create multiple project aliases by running firebase use --add, 
[info] but for now we'll just set up a default project.
[info] 
[debug] [2020-10-09T12:29:09.767Z] >>> HTTP REQUEST GET https://firebase.googleapis.com/v1beta1/projects?pageSize=100  
 
[debug] [2020-10-09T12:29:10.336Z] <<< HTTP RESPONSE 200 {"content-type":"application/json; charset=UTF-8","vary":"X-Origin, Referer, Origin,Accept-Encoding","date":"Fri, 09 Oct 2020 12:29:10 GMT","server":"ESF","cache-control":"private","x-xss-protection":"0","x-frame-options":"SAMEORIGIN","x-content-type-options":"nosniff","alt-svc":"h3-Q050=\":443\"; ma=2592000,h3-29=\":443\"; ma=2592000,h3-27=\":443\"; ma=2592000,h3-T051=\":443\"; ma=2592000,h3-T050=\":443\"; ma=2592000,h3-Q046=\":443\"; ma=2592000,h3-Q043=\":443\"; ma=2592000,quic=\":443\"; ma=2592000; v=\"46,43\"","accept-ranges":"none","transfer-encoding":"chunked"}
[info] i  Using project jayproject-da30d (JayProject) 
[info] 
=== Functions Setup
[info] 
[info] A functions directory will be created in your project with a Node.js
[info] package pre-configured. Functions can be deployed with firebase deploy.
[info] 
[debug] [2020-10-09T12:29:10.860Z] > command requires scopes: ["email","openid","https://www.googleapis.com/auth/cloudplatformprojects.readonly","https://www.googleapis.com/auth/firebase","https://www.googleapis.com/auth/cloud-platform"]
[debug] [2020-10-09T12:29:10.860Z] > authorizing via signed-in user
[debug] [2020-10-09T12:29:10.860Z] [iam] checking project jayproject-da30d for permissions ["firebase.projects.get"]
[debug] [2020-10-09T12:29:10.861Z] >>> HTTP REQUEST POST https://cloudresourcemanager.googleapis.com/v1/projects/jayproject-da30d:testIamPermissions  
 {"permissions":["firebase.projects.get"]}
[debug] [2020-10-09T12:29:12.634Z] <<< HTTP RESPONSE 200 {"content-type":"application/json; charset=UTF-8","vary":"X-Origin, Referer, Origin,Accept-Encoding","date":"Fri, 09 Oct 2020 12:29:12 GMT","server":"ESF","cache-control":"private","x-xss-protection":"0","x-frame-options":"SAMEORIGIN","x-content-type-options":"nosniff","server-timing":"gfet4t7; dur=1130","alt-svc":"h3-Q050=\":443\"; ma=2592000,h3-29=\":443\"; ma=2592000,h3-27=\":443\"; ma=2592000,h3-T051=\":443\"; ma=2592000,h3-T050=\":443\"; ma=2592000,h3-Q046=\":443\"; ma=2592000,h3-Q043=\":443\"; ma=2592000,quic=\":443\"; ma=2592000; v=\"46,43\"","accept-ranges":"none","transfer-encoding":"chunked"}
[debug] [2020-10-09T12:29:12.635Z] >>> HTTP REQUEST POST https://serviceusage.googleapis.com/v1/projects/jayproject-da30d/services/cloudfunctions.googleapis.com:enable  
 
[debug] [2020-10-09T12:29:12.636Z] >>> HTTP REQUEST POST https://serviceusage.googleapis.com/v1/projects/jayproject-da30d/services/runtimeconfig.googleapis.com:enable  
 
[debug] [2020-10-09T12:29:33.965Z] Error: connect ETIMEDOUT 216.58.200.138:443
    at TCPConnectWrap.afterConnect [as oncomplete] (net.js:1141:16)
[error] 
[error] Error: Server Error. connect ETIMEDOUT 216.58.200.138:443
